Vivado Simulator 2018.3
Time resolution is 1 ps
         0 - mem[zzzz] -  xx

        15 - mem[0000] -  xx

        60 - mem[0001] -  00

       100 - mem[0002] -  00

       140 - mem[0003] -  00

       180 - mem[0004] -  00

       220 - mem[0005] -  00

       260 - mem[0006] -  00

       300 - mem[0007] -  00

       340 - mem[0008] -  00

       380 - mem[0009] -  00

       420 - mem[000a] -  00

       460 - mem[000b] -  00

       500 - mem[000c] -  00

       540 - mem[000d] -  00

       580 - mem[000e] -  00

       620 - mem[000f] -  00

       660 - mem[0010] -  00

       700 - mem[xxxx] -  c9

       780 - mem[0011] -  xx

